-encoding
UTF-8
-outxml
-source
7
-target
7
-classpath
/home/j-computer/.m2/repository/com/oracle/ojdbc6/11.2.0.4/ojdbc6-11.2.0.4.jar:/home/j-computer/.m2/repository/junit/junit/4.11/junit-4.11.jar:/home/j-computer/.m2/repository/log4j/log4j/1.2.17/log4j-1.2.17.jar:/home/j-computer/.m2/repository/org/slf4j/slf4j-api/1.7.5/slf4j-api-1.7.5.jar:/home/j-computer/.m2/repository/org/slf4j/jcl-over-slf4j/1.7.5/jcl-over-slf4j-1.7.5.jar:/home/j-computer/.m2/repository/org/slf4j/slf4j-log4j12/1.7.5/slf4j-log4j12-1.7.5.jar:/home/j-computer/.m2/repository/org/aspectj/aspectjrt/1.7.4/aspectjrt-1.7.4.jar:/home/j-computer/.m2/repository/org/aspectj/aspectjweaver/1.7.4/aspectjweaver-1.7.4.jar:/home/j-computer/.m2/repository/javax/servlet/servlet-api/2.5/servlet-api-2.5.jar:/home/j-computer/.m2/repository/net/sf/flexjson/flexjson/2.1/flexjson-2.1.jar:/home/j-computer/.m2/repository/org/apache/commons/commons-lang3/3.1/commons-lang3-3.1.jar:/home/j-computer/.m2/repository/org/springframework/roo/org.springframework.roo.annotations/1.3.2.RELEASE/org.springframework.roo.annotations-1.3.2.RELEASE.jar:/home/j-computer/.m2/repository/org/springframework/spring-core/3.2.6.RELEASE/spring-core-3.2.6.RELEASE.jar:/home/j-computer/.m2/repository/org/springframework/spring-test/3.2.6.RELEASE/spring-test-3.2.6.RELEASE.jar:/home/j-computer/.m2/repository/org/springframework/spring-context/3.2.6.RELEASE/spring-context-3.2.6.RELEASE.jar:/home/j-computer/.m2/repository/org/springframework/spring-aop/3.2.6.RELEASE/spring-aop-3.2.6.RELEASE.jar:/home/j-computer/.m2/repository/org/springframework/spring-aspects/3.2.6.RELEASE/spring-aspects-3.2.6.RELEASE.jar:/home/j-computer/.m2/repository/org/springframework/spring-context-support/3.2.6.RELEASE/spring-context-support-3.2.6.RELEASE.jar:/home/j-computer/.m2/repository/org/apache/derby/derby/10.8.2.2/derby-10.8.2.2.jar:/home/j-computer/.m2/repository/org/apache/derby/derbyclient/10.11.1.1/derbyclient-10.11.1.1.jar:/home/j-computer/.m2/repository/org/hibernate/hibernate-core/4.3.6.Final/hibernate-core-4.3.6.Final.jar:/home/j-computer/.m2/repository/org/hibernate/hibernate-entitymanager/4.3.6.Final/hibernate-entitymanager-4.3.6.Final.jar:/home/j-computer/.m2/repository/org/hibernate/javax/persistence/hibernate-jpa-2.1-api/1.0.0.Final/hibernate-jpa-2.1-api-1.0.0.Final.jar:/home/j-computer/.m2/repository/commons-collections/commons-collections/3.2.1/commons-collections-3.2.1.jar:/home/j-computer/.m2/repository/org/hibernate/hibernate-validator/4.3.2.Final/hibernate-validator-4.3.2.Final.jar:/home/j-computer/.m2/repository/javax/validation/validation-api/1.0.0.GA/validation-api-1.0.0.GA.jar:/home/j-computer/.m2/repository/javax/transaction/jta/1.1/jta-1.1.jar:/home/j-computer/.m2/repository/org/springframework/spring-jdbc/3.2.6.RELEASE/spring-jdbc-3.2.6.RELEASE.jar:/home/j-computer/.m2/repository/org/springframework/spring-orm/3.2.6.RELEASE/spring-orm-3.2.6.RELEASE.jar:/home/j-computer/.m2/repository/commons-pool/commons-pool/1.5.6/commons-pool-1.5.6.jar:/home/j-computer/.m2/repository/commons-dbcp/commons-dbcp/1.4/commons-dbcp-1.4.jar:/home/j-computer/.m2/repository/org/springframework/data/spring-data-jpa/1.3.4.RELEASE/spring-data-jpa-1.3.4.RELEASE.jar:/home/j-computer/.m2/repository/org/springframework/spring-webmvc/3.2.6.RELEASE/spring-webmvc-3.2.6.RELEASE.jar:/home/j-computer/.m2/repository/org/springframework/webflow/spring-js-resources/2.2.1.RELEASE/spring-js-resources-2.2.1.RELEASE.jar:/home/j-computer/.m2/repository/commons-digester/commons-digester/2.1/commons-digester-2.1.jar:/home/j-computer/.m2/repository/commons-fileupload/commons-fileupload/1.2.2/commons-fileupload-1.2.2.jar:/home/j-computer/.m2/repository/commons-io/commons-io/2.4/commons-io-2.4.jar:/home/j-computer/.m2/repository/javax/servlet/jsp/jstl/jstl-api/1.2/jstl-api-1.2.jar:/home/j-computer/.m2/repository/org/glassfish/web/jstl-impl/1.2/jstl-impl-1.2.jar:/home/j-computer/.m2/repository/javax/el/el-api/2.2/el-api-2.2.jar:/home/j-computer/.m2/repository/joda-time/joda-time/1.6/joda-time-1.6.jar:/home/j-computer/.m2/repository/javax/servlet/jsp/jsp-api/2.1/jsp-api-2.1.jar:/home/j-computer/.m2/repository/commons-codec/commons-codec/1.5/commons-codec-1.5.jar:/home/j-computer/.m2/repository/org/apache/tiles/tiles-jsp/2.2.2/tiles-jsp-2.2.2.jar:/home/j-computer/.m2/repository/com/googlecode/json-simple/json-simple/1.1/json-simple-1.1.jar:/home/j-computer/.m2/repository/org/hamcrest/hamcrest-all/1.3/hamcrest-all-1.3.jar:/home/j-computer/.m2/repository/org/apache/poi/poi/3.10-FINAL/poi-3.10-FINAL.jar:/home/j-computer/.m2/repository/org/apache/poi/poi-ooxml/3.9/poi-ooxml-3.9.jar:/home/j-computer/.m2/repository/org/codehaus/jackson/jackson-mapper-asl/1.9.10/jackson-mapper-asl-1.9.10.jar:/home/j-computer/.m2/repository/com/jayway/jsonpath/json-path/0.9.1/json-path-0.9.1.jar:/home/j-computer/.m2/repository/com/fasterxml/jackson/core/jackson-core/2.1.1/jackson-core-2.1.1.jar:/home/j-computer/.m2/repository/com/fasterxml/jackson/core/jackson-databind/2.1.1/jackson-databind-2.1.1.jar:/home/j-computer/.m2/repository/com/fasterxml/jackson/datatype/jackson-datatype-joda/2.1.1/jackson-datatype-joda-2.1.1.jar:/home/j-computer/.m2/repository/com/google/code/gson/gson/2.2.4/gson-2.2.4.jar:/home/j-computer/.m2/repository/javax/mail/mail/1.4.3/mail-1.4.3.jar:/home/j-computer/.m2/repository/org/apache/velocity/velocity/1.7/velocity-1.7.jar:/home/j-computer/.m2/repository/net/lingala/zip4j/zip4j/1.3.2/zip4j-1.3.2.jar:/home/j-computer/.m2/repository/org/json/json/20140107/json-20140107.jar:/home/j-computer/.m2/repository/net/sf/jasperreports/jasperreports/5.5.0/jasperreports-5.5.0.jar:/home/j-computer/.m2/repository/org/springframework/spring-beans/3.2.6.RELEASE/spring-beans-3.2.6.RELEASE.jar:/home/j-computer/.m2/repository/org/springframework/spring-expression/3.2.6.RELEASE/spring-expression-3.2.6.RELEASE.jar:/home/j-computer/.m2/repository/aopalliance/aopalliance/1.0/aopalliance-1.0.jar:/home/j-computer/.m2/repository/org/jboss/logging/jboss-logging/3.1.3.GA/jboss-logging-3.1.3.GA.jar:/home/j-computer/.m2/repository/org/jboss/logging/jboss-logging-annotations/1.2.0.Beta1/jboss-logging-annotations-1.2.0.Beta1.jar:/home/j-computer/.m2/repository/org/jboss/spec/javax/transaction/jboss-transaction-api_1.2_spec/1.0.0.Final/jboss-transaction-api_1.2_spec-1.0.0.Final.jar:/home/j-computer/.m2/repository/dom4j/dom4j/1.6.1/dom4j-1.6.1.jar:/home/j-computer/.m2/repository/org/hibernate/common/hibernate-commons-annotations/4.0.5.Final/hibernate-commons-annotations-4.0.5.Final.jar:/home/j-computer/.m2/repository/org/javassist/javassist/3.18.1-GA/javassist-3.18.1-GA.jar:/home/j-computer/.m2/repository/antlr/antlr/2.7.7/antlr-2.7.7.jar:/home/j-computer/.m2/repository/org/jboss/jandex/1.1.0.Final/jandex-1.1.0.Final.jar:/home/j-computer/.m2/repository/org/springframework/spring-tx/3.2.6.RELEASE/spring-tx-3.2.6.RELEASE.jar:/home/j-computer/.m2/repository/org/springframework/data/spring-data-commons/1.5.2.RELEASE/spring-data-commons-1.5.2.RELEASE.jar:/home/j-computer/.m2/repository/org/springframework/spring-web/3.2.6.RELEASE/spring-web-3.2.6.RELEASE.jar:/home/j-computer/.m2/repository/commons-beanutils/commons-beanutils/1.8.3/commons-beanutils-1.8.3.jar:/home/j-computer/.m2/repository/org/apache/tiles/tiles-servlet/2.2.2/tiles-servlet-2.2.2.jar:/home/j-computer/.m2/repository/org/apache/tiles/tiles-core/2.2.2/tiles-core-2.2.2.jar:/home/j-computer/.m2/repository/org/apache/tiles/tiles-template/2.2.2/tiles-template-2.2.2.jar:/home/j-computer/.m2/repository/org/apache/tiles/tiles-api/2.2.2/tiles-api-2.2.2.jar:/home/j-computer/.m2/repository/org/apache/poi/poi-ooxml-schemas/3.9/poi-ooxml-schemas-3.9.jar:/home/j-computer/.m2/repository/org/apache/xmlbeans/xmlbeans/2.3.0/xmlbeans-2.3.0.jar:/home/j-computer/.m2/repository/stax/stax-api/1.0.1/stax-api-1.0.1.jar:/home/j-computer/.m2/repository/org/codehaus/jackson/jackson-core-asl/1.9.10/jackson-core-asl-1.9.10.jar:/home/j-computer/.m2/repository/net/minidev/json-smart/1.2/json-smart-1.2.jar:/home/j-computer/.m2/repository/com/fasterxml/jackson/core/jackson-annotations/2.1.1/jackson-annotations-2.1.1.jar:/home/j-computer/.m2/repository/javax/activation/activation/1.1/activation-1.1.jar:/home/j-computer/.m2/repository/commons-lang/commons-lang/2.4/commons-lang-2.4.jar:/home/j-computer/.m2/repository/commons-logging/commons-logging/1.1.1/commons-logging-1.1.1.jar:/home/j-computer/.m2/repository/com/lowagie/itext/2.1.7.js2/itext-2.1.7.js2.jar:/home/j-computer/.m2/repository/bouncycastle/bcmail-jdk14/138/bcmail-jdk14-138.jar:/home/j-computer/.m2/repository/bouncycastle/bcprov-jdk14/138/bcprov-jdk14-138.jar:/home/j-computer/.m2/repository/org/bouncycastle/bctsp-jdk14/1.38/bctsp-jdk14-1.38.jar:/home/j-computer/.m2/repository/org/bouncycastle/bcprov-jdk14/1.38/bcprov-jdk14-1.38.jar:/home/j-computer/.m2/repository/org/bouncycastle/bcmail-jdk14/1.38/bcmail-jdk14-1.38.jar:/home/j-computer/.m2/repository/jfree/jcommon/1.0.15/jcommon-1.0.15.jar:/home/j-computer/.m2/repository/jfree/jfreechart/1.0.12/jfreechart-1.0.12.jar:/home/j-computer/.m2/repository/xml-apis/xml-apis/1.3.02/xml-apis-1.3.02.jar:/home/j-computer/.m2/repository/eclipse/jdtcore/3.1.0/jdtcore-3.1.0.jar:/home/j-computer/.m2/repository/org/codehaus/castor/castor/1.2/castor-1.2.jar:/home/j-computer/ExchangeCurrency/target/classes
-aspectpath
/home/j-computer/.m2/repository/org/springframework/spring-aspects/3.2.6.RELEASE/spring-aspects-3.2.6.RELEASE.jar
-d
/home/j-computer/ExchangeCurrency/target/classes
/home/j-computer/ExchangeCurrency/src/main/java/com/exc/DateForExchangeController.java
/home/j-computer/ExchangeCurrency/src/main/java/com/exc/DateForExchangeController_Roo_Controller_Json.aj
/home/j-computer/ExchangeCurrency/src/main/java/com/exc/CurrencyController.java
/home/j-computer/ExchangeCurrency/src/main/java/com/exc/ExchangeCurrencyController_Roo_Controller_Json.aj
/home/j-computer/ExchangeCurrency/src/main/java/com/exc/base/BaseEntity_Roo_Jpa_ActiveRecord.aj
/home/j-computer/ExchangeCurrency/src/main/java/com/exc/base/BaseEntity_Roo_Jpa_Entity.aj
/home/j-computer/ExchangeCurrency/src/main/java/com/exc/base/BaseEntity_Roo_JavaBean.aj
/home/j-computer/ExchangeCurrency/src/main/java/com/exc/base/BaseEntity.java
/home/j-computer/ExchangeCurrency/src/main/java/com/exc/base/BaseEntity_Roo_Json.aj
/home/j-computer/ExchangeCurrency/src/main/java/com/exc/base/BaseEntity_Roo_ToString.aj
/home/j-computer/ExchangeCurrency/src/main/java/com/exc/base/BaseEntity_Roo_Configurable.aj
/home/j-computer/ExchangeCurrency/src/main/java/com/exc/BankController_Roo_Controller_Json.aj
/home/j-computer/ExchangeCurrency/src/main/java/com/exc/ExchangeCurrencyController.java
/home/j-computer/ExchangeCurrency/src/main/java/com/exc/BankController.java
/home/j-computer/ExchangeCurrency/src/main/java/com/exc/CurrencyController_Roo_Controller_Json.aj
/home/j-computer/ExchangeCurrency/src/main/java/com/exc/domain/ExchangeCurrency_Roo_Jpa_Entity.aj
/home/j-computer/ExchangeCurrency/src/main/java/com/exc/domain/ExchangeCurrency.java
/home/j-computer/ExchangeCurrency/src/main/java/com/exc/domain/Currency_Roo_JavaBean.aj
/home/j-computer/ExchangeCurrency/src/main/java/com/exc/domain/Bank.java
/home/j-computer/ExchangeCurrency/src/main/java/com/exc/domain/Currency_Roo_Json.aj
/home/j-computer/ExchangeCurrency/src/main/java/com/exc/domain/Bank_Roo_JavaBean.aj
/home/j-computer/ExchangeCurrency/src/main/java/com/exc/domain/DateForExchange_Roo_Jpa_ActiveRecord.aj
/home/j-computer/ExchangeCurrency/src/main/java/com/exc/domain/Bank_Roo_ToString.aj
/home/j-computer/ExchangeCurrency/src/main/java/com/exc/domain/ExchangeCurrency_Roo_Jpa_ActiveRecord.aj
/home/j-computer/ExchangeCurrency/src/main/java/com/exc/domain/Bank_Roo_Jpa_ActiveRecord.aj
/home/j-computer/ExchangeCurrency/src/main/java/com/exc/domain/Bank_Roo_Json.aj
/home/j-computer/ExchangeCurrency/src/main/java/com/exc/domain/ExchangeCurrency_Roo_JavaBean.aj
/home/j-computer/ExchangeCurrency/src/main/java/com/exc/domain/DateForExchange_Roo_ToString.aj
/home/j-computer/ExchangeCurrency/src/main/java/com/exc/domain/DateForExchange_Roo_Configurable.aj
/home/j-computer/ExchangeCurrency/src/main/java/com/exc/domain/ExchangeCurrency_Roo_Json.aj
/home/j-computer/ExchangeCurrency/src/main/java/com/exc/domain/Currency_Roo_ToString.aj
/home/j-computer/ExchangeCurrency/src/main/java/com/exc/domain/DateForExchange_Roo_JavaBean.aj
/home/j-computer/ExchangeCurrency/src/main/java/com/exc/domain/DateForExchange.java
/home/j-computer/ExchangeCurrency/src/main/java/com/exc/domain/ExchangeCurrency_Roo_ToString.aj
/home/j-computer/ExchangeCurrency/src/main/java/com/exc/domain/DateForExchange_Roo_Jpa_Entity.aj
/home/j-computer/ExchangeCurrency/src/main/java/com/exc/domain/Currency.java
/home/j-computer/ExchangeCurrency/src/main/java/com/exc/domain/Currency_Roo_Jpa_Entity.aj
/home/j-computer/ExchangeCurrency/src/main/java/com/exc/domain/Currency_Roo_Jpa_ActiveRecord.aj
/home/j-computer/ExchangeCurrency/src/main/java/com/exc/domain/DateForExchange_Roo_Json.aj
/home/j-computer/ExchangeCurrency/src/main/java/com/exc/domain/Bank_Roo_Configurable.aj
/home/j-computer/ExchangeCurrency/src/main/java/com/exc/domain/Currency_Roo_Configurable.aj
/home/j-computer/ExchangeCurrency/src/main/java/com/exc/domain/Bank_Roo_Jpa_Entity.aj
/home/j-computer/ExchangeCurrency/src/main/java/com/exc/domain/ExchangeCurrency_Roo_Configurable.aj
